[  1%] Built target turtlesim__cpp
failed to create symbolic link '/home/lokisilvres/eyrc_hb/hb_task1a_ws/src/build/turtlesim/ament_cmake_python/turtlesim/turtlesim' because existing path cannot be removed: Is a directory
gmake[2]: *** [CMakeFiles/ament_cmake_python_symlink_turtlesim.dir/build.make:70: CMakeFiles/ament_cmake_python_symlink_turtlesim] Error 1
gmake[1]: *** [CMakeFiles/Makefile2:429: CMakeFiles/ament_cmake_python_symlink_turtlesim.dir/all] Error 2
gmake[1]: *** Waiting for unfinished jobs....
[ 11%] Built target turtlesim__rosidl_generator_c
[35m[1mConsolidate compiler generated dependencies of target turtlesim__rosidl_typesupport_introspection_cpp[0m
[ 21%] Built target turtlesim__rosidl_typesupport_fastrtps_cpp
[ 31%] Built target turtlesim__rosidl_typesupport_cpp
[ 41%] Built target turtlesim__rosidl_typesupport_introspection_cpp
gmake: *** [Makefile:146: all] Error 2
