[0.071s] Invoking command in '/home/lokisilvres/eyrc_hb/hb_task1a_ws/src/build/turtlesim': CMAKE_PREFIX_PATH=${CMAKE_PREFIX_PATH}:/home/lokisilvres/eyrc_hb/hb_task1a_ws/src/install/my_robot_controller:/home/lokisilvres/eyrc_hb/hb_task1a_ws/src/install/hb_task_1a:/opt/ros/humble /usr/bin/cmake --build /home/lokisilvres/eyrc_hb/hb_task1a_ws/src/build/turtlesim -- -j12 -l12
[0.097s] [  1%] Built target turtlesim__cpp
[0.101s] failed to create symbolic link '/home/lokisilvres/eyrc_hb/hb_task1a_ws/src/build/turtlesim/ament_cmake_python/turtlesim/turtlesim' because existing path cannot be removed: Is a directory
[0.101s] gmake[2]: *** [CMakeFiles/ament_cmake_python_symlink_turtlesim.dir/build.make:70: CMakeFiles/ament_cmake_python_symlink_turtlesim] Error 1
[0.101s] gmake[1]: *** [CMakeFiles/Makefile2:429: CMakeFiles/ament_cmake_python_symlink_turtlesim.dir/all] Error 2
[0.102s] gmake[1]: *** Waiting for unfinished jobs....
[0.104s] [ 11%] Built target turtlesim__rosidl_generator_c
[0.107s] [35m[1mConsolidate compiler generated dependencies of target turtlesim__rosidl_typesupport_introspection_cpp[0m
[0.113s] [ 21%] Built target turtlesim__rosidl_typesupport_fastrtps_cpp
[0.114s] [ 31%] Built target turtlesim__rosidl_typesupport_cpp
[0.121s] [ 41%] Built target turtlesim__rosidl_typesupport_introspection_cpp
[0.122s] gmake: *** [Makefile:146: all] Error 2
[0.254s] Invoked command in '/home/lokisilvres/eyrc_hb/hb_task1a_ws/src/build/turtlesim' returned '2': CMAKE_PREFIX_PATH=${CMAKE_PREFIX_PATH}:/home/lokisilvres/eyrc_hb/hb_task1a_ws/src/install/my_robot_controller:/home/lokisilvres/eyrc_hb/hb_task1a_ws/src/install/hb_task_1a:/opt/ros/humble /usr/bin/cmake --build /home/lokisilvres/eyrc_hb/hb_task1a_ws/src/build/turtlesim -- -j12 -l12
